Determining if the pthread_create exist failed with the following output:
Change Dir: /home/swa/Documents/Projects/Current/LibUnknownEcho/build/debug/CMakeFiles/CMakeTmp

Run Build Command:"/usr/bin/make" "cmTC_12a33/fast"
/usr/bin/make -f CMakeFiles/cmTC_12a33.dir/build.make CMakeFiles/cmTC_12a33.dir/build
make[1]: Entering directory `/home/swa/Documents/Projects/Current/LibUnknownEcho/build/debug/CMakeFiles/CMakeTmp'
Building C object CMakeFiles/cmTC_12a33.dir/CheckSymbolExists.c.o
/usr/bin/cc    -o CMakeFiles/cmTC_12a33.dir/CheckSymbolExists.c.o   -c /home/swa/Documents/Projects/Current/LibUnknownEcho/build/debug/CMakeFiles/CMakeTmp/CheckSymbolExists.c
Linking C executable cmTC_12a33
/usr/local/bin/cmake -E cmake_link_script CMakeFiles/cmTC_12a33.dir/link.txt --verbose=1
/usr/bin/cc      CMakeFiles/cmTC_12a33.dir/CheckSymbolExists.c.o  -o cmTC_12a33 
CMakeFiles/cmTC_12a33.dir/CheckSymbolExists.c.o: In function `main':
CheckSymbolExists.c:(.text+0x16): undefined reference to `pthread_create'
collect2: error: ld returned 1 exit status
make[1]: *** [cmTC_12a33] Error 1
make[1]: Leaving directory `/home/swa/Documents/Projects/Current/LibUnknownEcho/build/debug/CMakeFiles/CMakeTmp'
make: *** [cmTC_12a33/fast] Error 2

File /home/swa/Documents/Projects/Current/LibUnknownEcho/build/debug/CMakeFiles/CMakeTmp/CheckSymbolExists.c:
/* */
#include <pthread.h>

int main(int argc, char** argv)
{
  (void)argv;
#ifndef pthread_create
  return ((int*)(&pthread_create))[argc];
#else
  (void)argc;
  return 0;
#endif
}

Determining if the function pthread_create exists in the pthreads failed with the following output:
Change Dir: /home/swa/Documents/Projects/Current/LibUnknownEcho/build/debug/CMakeFiles/CMakeTmp

Run Build Command:"/usr/bin/make" "cmTC_4f040/fast"
/usr/bin/make -f CMakeFiles/cmTC_4f040.dir/build.make CMakeFiles/cmTC_4f040.dir/build
make[1]: Entering directory `/home/swa/Documents/Projects/Current/LibUnknownEcho/build/debug/CMakeFiles/CMakeTmp'
Building C object CMakeFiles/cmTC_4f040.dir/CheckFunctionExists.c.o
/usr/bin/cc   -DCHECK_FUNCTION_EXISTS=pthread_create   -o CMakeFiles/cmTC_4f040.dir/CheckFunctionExists.c.o   -c /usr/local/share/cmake-3.10/Modules/CheckFunctionExists.c
Linking C executable cmTC_4f040
/usr/local/bin/cmake -E cmake_link_script CMakeFiles/cmTC_4f040.dir/link.txt --verbose=1
/usr/bin/cc  -DCHECK_FUNCTION_EXISTS=pthread_create    CMakeFiles/cmTC_4f040.dir/CheckFunctionExists.c.o  -o cmTC_4f040 -lpthreads 
/usr/bin/ld: cannot find -lpthreads
collect2: error: ld returned 1 exit status
make[1]: *** [cmTC_4f040] Error 1
make[1]: Leaving directory `/home/swa/Documents/Projects/Current/LibUnknownEcho/build/debug/CMakeFiles/CMakeTmp'
make: *** [cmTC_4f040/fast] Error 2


